<?xml version="1.0" encoding="UTF-8"?>
<testng-results total="1" passed="1" failed="0" skipped="0">
  <reporter-output>
  </reporter-output>
  <suite started-at="2022-12-14T16:13:21Z" name="Default suite" finished-at="2022-12-14T16:13:30Z" duration-ms="8571">
    <groups>
    </groups>
    <test started-at="2022-12-14T16:13:21Z" name="Default test" finished-at="2022-12-14T16:13:30Z" duration-ms="8571">
      <class name="qafactory.swaglabs.testCases.TC001_Login_Functionality">
        <test-method is-config="true" signature="setup()[pri:0, instance:qafactory.swaglabs.testCases.TC001_Login_Functionality@3c947bc5]" started-at="2022-12-14T21:43:21Z" name="setup" finished-at="2022-12-14T21:43:26Z" duration-ms="4946" status="PASS">
          <reporter-output>
          </reporter-output>
        </test-method> <!-- setup -->
        <test-method signature="ValidLogin()[pri:0, instance:qafactory.swaglabs.testCases.TC001_Login_Functionality@3c947bc5]" started-at="2022-12-14T21:43:26Z" name="ValidLogin" finished-at="2022-12-14T21:43:28Z" duration-ms="2343" status="PASS">
          <reporter-output>
          </reporter-output>
        </test-method> <!-- ValidLogin -->
        <test-method is-config="true" signature="tearDown()[pri:0, instance:qafactory.swaglabs.testCases.TC001_Login_Functionality@3c947bc5]" started-at="2022-12-14T21:43:28Z" name="tearDown" finished-at="2022-12-14T21:43:30Z" duration-ms="1257" status="PASS">
          <reporter-output>
          </reporter-output>
        </test-method> <!-- tearDown -->
      </class> <!-- qafactory.swaglabs.testCases.TC001_Login_Functionality -->
    </test> <!-- Default test -->
  </suite> <!-- Default suite -->
</testng-results>
